[debug] [2018-12-08T11:07:56.028Z] ----------------------------------------------------------------------
[debug] [2018-12-08T11:07:56.031Z] Command:       /usr/local/bin/node /usr/local/bin/firebase serve
[debug] [2018-12-08T11:07:56.031Z] CLI Version:   6.1.1
[debug] [2018-12-08T11:07:56.031Z] Platform:      darwin
[debug] [2018-12-08T11:07:56.031Z] Node Version:  v8.10.0
[debug] [2018-12-08T11:07:56.032Z] Time:          Sat Dec 08 2018 05:07:56 GMT-0600 (CST)
[debug] [2018-12-08T11:07:56.032Z] ----------------------------------------------------------------------
[debug] 
[debug] [2018-12-08T11:07:56.046Z] > command requires scopes: ["email","openid","https://www.googleapis.com/auth/cloudplatformprojects.readonly","https://www.googleapis.com/auth/firebase","https://www.googleapis.com/auth/cloud-platform"]
[debug] [2018-12-08T11:07:56.047Z] > authorizing via signed-in user
[debug] [2018-12-08T11:07:56.047Z] [iam] checking project star-wars-challenge for permissions ["firebase.projects.get"]
[debug] [2018-12-08T11:07:56.049Z] > refreshing access token with scopes: ["email","https://www.googleapis.com/auth/cloud-platform","https://www.googleapis.com/auth/cloudplatformprojects.readonly","https://www.googleapis.com/auth/firebase","openid"]
[debug] [2018-12-08T11:07:56.049Z] >>> HTTP REQUEST POST https://www.googleapis.com/oauth2/v3/token  
 <request body omitted>
[debug] [2018-12-08T11:07:56.376Z] <<< HTTP RESPONSE 200
[debug] [2018-12-08T11:07:56.389Z] >>> HTTP REQUEST POST https://cloudresourcemanager.googleapis.com/v1/projects/star-wars-challenge:testIamPermissions  

[debug] [2018-12-08T11:07:56.668Z] <<< HTTP RESPONSE 200
[debug] [2018-12-08T11:07:56.670Z] >>> HTTP REQUEST GET https://cloudresourcemanager.googleapis.com/v1/projects/star-wars-challenge  
 
[debug] [2018-12-08T11:07:56.877Z] <<< HTTP RESPONSE 200
[info] 
[info] === Serving from '/Users/anuar/Hacker/Proyectos/star-wars/vanilla 2.0'...
[info] 
[debug] [2018-12-08T11:07:56.881Z] >>> HTTP REQUEST GET https://mobilesdk-pa.googleapis.com/v1/projects/896079268424/clients/_:getWebAppConfig  
 
[debug] [2018-12-08T11:07:57.738Z] <<< HTTP RESPONSE 200
[info] i  hosting: Serving hosting files from: public
[info] ✔  hosting: Local server: http://localhost:5000
